生成启动时间为 2014/12/23 19:59:20。
     1>项目“Z:\ws\project\pragramLessons\sunxinC++\2003\less3\myMFC\myMFC\myMFC.vcxproj”在节点 2 上(Build 个目标)。
     1>ClCompile:
         C:\Program Files (x86)\Microsoft Visual Studio 12.0\VC\bin\CL.exe /c /ZI /nologo /W3 /WX- /Od /Oy- /D WIN32 /D _WINDOWS /D _DEBUG /D _UNICODE /D UNICODE /D _AFXDLL /Gm /EHsc /RTC1 /MDd /GS /fp:precise /Zc:wchar_t /Zc:forScope /Yc"stdafx.h" /Fp"Debug\myMFC.pch" /Fo"Debug\\" /Fd"Debug\vc120.pdb" /Gd /TP /analyze- /errorReport:prompt stdafx.cpp
         stdafx.cpp
         C:\Program Files (x86)\Microsoft Visual Studio 12.0\VC\bin\CL.exe /c /ZI /nologo /W3 /WX- /Od /Oy- /D WIN32 /D _WINDOWS /D _DEBUG /D _UNICODE /D UNICODE /D _AFXDLL /Gm /EHsc /RTC1 /MDd /GS /fp:precise /Zc:wchar_t /Zc:forScope /Yu"stdafx.h" /Fp"Debug\myMFC.pch" /Fo"Debug\\" /Fd"Debug\vc120.pdb" /Gd /TP /analyze- /errorReport:prompt MainFrm.cpp myMFC.cpp myMFCDoc.cpp myMFCView.cpp
         myMFCView.cpp
         myMFCDoc.cpp
         myMFC.cpp
         MainFrm.cpp
         正在生成代码...
       ResourceCompile:
         C:\Program Files (x86)\Windows Kits\8.1\bin\x86\rc.exe /D _DEBUG /D _UNICODE /D UNICODE /D _AFXDLL /l"0x0409" /IDebug\ /nologo /fo"Debug\myMFC.res" myMFC.rc 
       Link:
         C:\Program Files (x86)\Microsoft Visual Studio 12.0\VC\bin\link.exe /ERRORREPORT:PROMPT /OUT:"Z:\ws\project\pragramLessons\sunxinC++\2003\less3\myMFC\Debug\myMFC.exe" /INCREMENTAL /NOLOGO /MANIFEST /MANIFESTUAC:"level='asInvoker' uiAccess='false'" /manifest:embed /manifestinput:"C:\Program Files (x86)\Microsoft Visual Studio 12.0\VC\Include\Manifest\dpiaware.manifest" /DEBUG /PDB:"Z:\ws\project\pragramLessons\sunxinC++\2003\less3\myMFC\Debug\myMFC.pdb" /SUBSYSTEM:WINDOWS /TLBID:1 /ENTRY:"wWinMainCRTStartup" /DYNAMICBASE /NXCOMPAT /IMPLIB:"Z:\ws\project\pragramLessons\sunxinC++\2003\less3\myMFC\Debug\myMFC.lib" /MACHINE:X86 Debug\myMFC.res
         Debug\MainFrm.obj
         Debug\myMFC.obj
         Debug\myMFCDoc.obj
         Debug\myMFCView.obj
         Debug\stdafx.obj
         myMFC.vcxproj -> Z:\ws\project\pragramLessons\sunxinC++\2003\less3\myMFC\Debug\myMFC.exe
     1>已完成生成项目“Z:\ws\project\pragramLessons\sunxinC++\2003\less3\myMFC\myMFC\myMFC.vcxproj”(Build 个目标)的操作。

生成成功。

已用时间 00:00:05.24
